<?xml version="1.0" encoding="UTF-8"?>
<!-- Generated by org.testng.reporters.JUnitReportReporter -->
<testsuite skipped="0" hostname="Admin_SRV-PC" name="Restassured.Getandpostmethod" tests="1" failures="0" timestamp="2022-05-07T16:18:34 IST" time="2.429" errors="0">
  <testcase name="getnmethod" time="2.429" classname="Restassured.Getandpostmethod"/>
  <system-out/>
</testsuite> <!-- Restassured.Getandpostmethod -->
