<?xml version="1.0" encoding="UTF-8"?>
<!-- Generated by org.testng.reporters.JUnitReportReporter -->
<testsuite skipped="0" hostname="Admin_SRV-PC" name="Restassured.deleteputnpatchmethods" tests="3" failures="0" timestamp="2022-05-07T16:06:09 IST" time="2.411" errors="0">
  <testcase name="deleteexapmles" time="0.019" classname="Restassured.deleteputnpatchmethods"/>
  <system-out/>
  <testcase name="deleteexapmles" time="2.340" classname="Restassured.deleteputnpatchmethods"/>
  <system-out/>
  <testcase name="patchexample" time="0.052" classname="Restassured.deleteputnpatchmethods"/>
  <system-out/>
</testsuite> <!-- Restassured.deleteputnpatchmethods -->
