<?xml version="1.0" encoding="UTF-8"?>
<!-- Generated by org.testng.reporters.JUnitReportReporter -->
<testsuite skipped="0" hostname="Admin_SRV-PC" name="Tests.Dataexcelutilsp" tests="26" failures="0" timestamp="2022-05-02T16:45:39 IST" time="26.974" errors="0">
  <testcase name="finaldata" time="0.865" classname="Tests.Dataexcelutilsp"/>
  <system-out/>
  <testcase name="finaldata" time="0.606" classname="Tests.Dataexcelutilsp"/>
  <system-out/>
  <testcase name="finaldata" time="0.788" classname="Tests.Dataexcelutilsp"/>
  <system-out/>
  <testcase name="finaldata" time="0.884" classname="Tests.Dataexcelutilsp"/>
  <system-out/>
  <testcase name="finaldata" time="0.697" classname="Tests.Dataexcelutilsp"/>
  <system-out/>
  <testcase name="finaldata" time="1.543" classname="Tests.Dataexcelutilsp"/>
  <system-out/>
  <testcase name="finaldata" time="0.708" classname="Tests.Dataexcelutilsp"/>
  <system-out/>
  <testcase name="finaldata" time="0.716" classname="Tests.Dataexcelutilsp"/>
  <system-out/>
  <testcase name="finaldata" time="0.783" classname="Tests.Dataexcelutilsp"/>
  <system-out/>
  <testcase name="finaldata" time="1.787" classname="Tests.Dataexcelutilsp"/>
  <system-out/>
  <testcase name="finaldata" time="0.766" classname="Tests.Dataexcelutilsp"/>
  <system-out/>
  <testcase name="finaldata" time="0.603" classname="Tests.Dataexcelutilsp"/>
  <system-out/>
  <testcase name="finaldata" time="1.146" classname="Tests.Dataexcelutilsp"/>
  <system-out/>
  <testcase name="finaldata" time="1.155" classname="Tests.Dataexcelutilsp"/>
  <system-out/>
  <testcase name="finaldata" time="0.657" classname="Tests.Dataexcelutilsp"/>
  <system-out/>
  <testcase name="finaldata" time="0.735" classname="Tests.Dataexcelutilsp"/>
  <system-out/>
  <testcase name="finaldata" time="0.635" classname="Tests.Dataexcelutilsp"/>
  <system-out/>
  <testcase name="finaldata" time="2.612" classname="Tests.Dataexcelutilsp"/>
  <system-out/>
  <testcase name="finaldata" time="0.802" classname="Tests.Dataexcelutilsp"/>
  <system-out/>
  <testcase name="finaldata" time="2.451" classname="Tests.Dataexcelutilsp"/>
  <system-out/>
  <testcase name="finaldata" time="0.638" classname="Tests.Dataexcelutilsp"/>
  <system-out/>
  <testcase name="finaldata" time="0.764" classname="Tests.Dataexcelutilsp"/>
  <system-out/>
  <testcase name="finaldata" time="0.692" classname="Tests.Dataexcelutilsp"/>
  <system-out/>
  <testcase name="finaldata" time="1.552" classname="Tests.Dataexcelutilsp"/>
  <system-out/>
  <testcase name="finaldata" time="0.856" classname="Tests.Dataexcelutilsp"/>
  <system-out/>
  <testcase name="finaldata" time="1.533" classname="Tests.Dataexcelutilsp"/>
  <system-out/>
</testsuite> <!-- Tests.Dataexcelutilsp -->
