<?xml version="1.0" encoding="UTF-8"?>
<!-- Generated by org.testng.reporters.JUnitReportReporter -->
<testsuite skipped="0" hostname="Admin_SRV-PC" name="Tests.logintest" tests="1" failures="0" timestamp="2022-05-06T19:11:56 IST" time="2.695" errors="0">
  <testcase name="test" time="2.695" classname="Tests.logintest"/>
  <system-out/>
</testsuite> <!-- Tests.logintest -->
