<?xml version="1.0" encoding="UTF-8"?>
<!-- Generated by org.testng.reporters.JUnitReportReporter -->
<testsuite skipped="0" hostname="Admin_SRV-PC" name="Tests.Unitedairlinetest" tests="1" failures="0" timestamp="2022-05-08T17:51:01 IST" time="61.099" errors="0">
  <testcase name="testexecution" time="61.099" classname="Tests.Unitedairlinetest"/>
  <system-out/>
</testsuite> <!-- Tests.Unitedairlinetest -->
