<?xml version="1.0" encoding="UTF-8"?>
<!-- Generated by org.testng.reporters.JUnitReportReporter -->
<testsuite skipped="0" hostname="Admin_SRV-PC" name="Restassured.Reqpostandgetmethod" tests="3" failures="0" timestamp="2022-05-07T16:23:01 IST" time="4.277" errors="0">
  <testcase name="postmethod" time="0.546" classname="Restassured.Reqpostandgetmethod"/>
  <system-out/>
  <testcase name="getmethod" time="3.170" classname="Restassured.Reqpostandgetmethod"/>
  <system-out/>
  <testcase name="postmethod" time="0.561" classname="Restassured.Reqpostandgetmethod"/>
  <system-out/>
</testsuite> <!-- Restassured.Reqpostandgetmethod -->
