<?xml version="1.0" encoding="UTF-8"?>
<!-- Generated by org.testng.reporters.JUnitReportReporter -->
<testsuite skipped="0" hostname="Admin_SRV-PC" name="Restassured.Reqputpatchndeletemethods" tests="1" failures="0" timestamp="2022-05-07T16:38:15 IST" time="3.152" errors="0">
  <testcase name="deletem" time="3.152" classname="Restassured.Reqputpatchndeletemethods"/>
  <system-out/>
</testsuite> <!-- Restassured.Reqputpatchndeletemethods -->
